<?xml version="1.0" encoding="UTF-8"?>
<!-- Generated by org.testng.reporters.JUnitReportReporter -->
<testsuite hostname="DESKTOP-N2JB7LM" failures="0" tests="1" name="TablesQuestion.PrintInfoOfCountry" time="11.354" errors="0" timestamp="2023-09-01T00:14:30 IST" skipped="0">
  <testcase classname="TablesQuestion.PrintInfoOfCountry" name="launch" time="11.354"/>
  <system-out/>
</testsuite> <!-- TablesQuestion.PrintInfoOfCountry -->
