<?xml version="1.0" encoding="UTF-8"?>
<!-- Generated by org.testng.reporters.JUnitReportReporter -->
<testsuite hostname="DESKTOP-N2JB7LM" failures="0" tests="1" name="samplepackage.launchApp" time="12.133" errors="0" timestamp="2023-09-01T00:08:31 IST" skipped="0">
  <testcase classname="samplepackage.launchApp" name="launch" time="12.133"/>
  <system-out/>
</testsuite> <!-- samplepackage.launchApp -->
